<?xml version="1.0" encoding="UTF-8"?>
<testsuite xmlns:xsi="http://www.w3.org/2001/XMLSchema-instance" xsi:noNamespaceSchemaLocation="https://maven.apache.org/surefire/maven-surefire-plugin/xsd/surefire-test-report-3.0.xsd" version="3.0" name="portal.vanguardia.VanguardiaApplicationTests" time="29.812" tests="1" errors="0" skipped="0" failures="0">
  <properties>
[...]
</properties>
  <testcase name="contextLoads" classname="portal.vanguardia.VanguardiaApplicationTests" time="0.712">
    <system-out><![CDATA[23:09:23.474 [main] INFO org.springframework.test.context.support.AnnotationConfigContextLoaderUtils -- Could not detect default configuration classes for test class [portal.vanguardia.VanguardiaApplicationTests]: VanguardiaApplicationTests does not declare any static, non-private, non-final, nested classes annotated with @Configuration.
23:09:23.643 [main] INFO org.springframework.boot.test.context.SpringBootTestContextBootstrapper -- Found @SpringBootConfiguration portal.vanguardia.VanguardiaApplication for test class portal.vanguardia.VanguardiaApplicationTests
23:09:23.900 [main] INFO org.springframework.boot.devtools.restart.RestartApplicationListener -- Restart disabled due to context in which it is running

  .   ____          _            __ _ _
 /\\ / ___'_ __ _ _(_)_ __  __ _ \ \ \ \
( ( )\___ | '_ | '_| | '_ \/ _` | \ \ \ \
 \\/  ___)| |_)| | | | | || (_| |  ) ) ) )
  '  |____| .__|_| |_|_| |_\__, | / / / /
 =========|_|==============|___/=/_/_/_/

 :: Spring Boot ::                (v3.3.5)

2024-11-18T23:09:24.427-05:00  INFO 4460 --- [vanguardia] [           main] p.vanguardia.VanguardiaApplicationTests  : Starting VanguardiaApplicationTests using Java 22.0.1 with PID 4460 (started by AlexP in C:\Users\AlexP\Desktop\PORTAL EDUCATIVO VANGUARDIA\VANGUARDIA-BACK)
2024-11-18T23:09:24.429-05:00  INFO 4460 --- [vanguardia] [           main] p.vanguardia.VanguardiaApplicationTests  : No active profile set, falling back to 1 default profile: "default"
2024-11-18T23:09:25.696-05:00  INFO 4460 --- [vanguardia] [           main] .s.d.r.c.RepositoryConfigurationDelegate : Bootstrapping Spring Data JPA repositories in DEFAULT mode.
2024-11-18T23:09:25.864-05:00  INFO 4460 --- [vanguardia] [           main] .s.d.r.c.RepositoryConfigurationDelegate : Finished Spring Data repository scanning in 155 ms. Found 11 JPA repository interfaces.
2024-11-18T23:09:26.805-05:00  INFO 4460 --- [vanguardia] [           main] o.hibernate.jpa.internal.util.LogHelper  : HHH000204: Processing PersistenceUnitInfo [name: default]
2024-11-18T23:09:26.869-05:00  INFO 4460 --- [vanguardia] [           main] org.hibernate.Version                    : HHH000412: Hibernate ORM core version 6.5.3.Final
2024-11-18T23:09:26.926-05:00  INFO 4460 --- [vanguardia] [           main] o.h.c.internal.RegionFactoryInitiator    : HHH000026: Second-level cache disabled
2024-11-18T23:09:27.409-05:00  INFO 4460 --- [vanguardia] [           main] o.s.o.j.p.SpringPersistenceUnitInfo      : No LoadTimeWeaver setup: ignoring JPA class transformer
2024-11-18T23:09:27.469-05:00  INFO 4460 --- [vanguardia] [           main] com.zaxxer.hikari.HikariDataSource       : HikariPool-1 - Starting...
2024-11-18T23:09:29.290-05:00  INFO 4460 --- [vanguardia] [           main] com.zaxxer.hikari.pool.HikariPool        : HikariPool-1 - Added connection com.mysql.cj.jdbc.ConnectionImpl@6ea3a513
2024-11-18T23:09:29.296-05:00  INFO 4460 --- [vanguardia] [           main] com.zaxxer.hikari.HikariDataSource       : HikariPool-1 - Start completed.
2024-11-18T23:09:29.597-05:00  WARN 4460 --- [vanguardia] [           main] org.hibernate.orm.deprecation            : HHH90000025: MySQLDialect does not need to be specified explicitly using 'hibernate.dialect' (remove the property setting and it will be selected by default)
2024-11-18T23:09:31.967-05:00  INFO 4460 --- [vanguardia] [           main] o.h.e.t.j.p.i.JtaPlatformInitiator       : HHH000489: No JTA platform available (set 'hibernate.transaction.jta.platform' to enable JTA platform integration)
Hibernate: 
    create table agenda (
        id bigint not null auto_increment,
        contact_info varchar(50),
        created_at datetime(6) not null,
        end_time time(6) not null,
        meeting_date date not null,
        parent_name varchar(100) not null,
        start_time time(6) not null,
        status enum ('CANCELLED','CONFIRMED','PENDING') not null,
        updated_at datetime(6),
        student_id bigint not null,
        teacher_id bigint not null,
        primary key (id)
    ) engine=InnoDB
Hibernate: 
    create table book (
        id bigint not null auto_increment,
        author varchar(255),
        description varchar(255),
        publication_date date,
        title varchar(255),
        file_id bigint,
        image_id bigint,
        primary key (id)
    ) engine=InnoDB
Hibernate: 
    create table calendar (
        id bigint not null auto_increment,
        activity varchar(255) not null,
        date_range varchar(255) not null,
        primary key (id)
    ) engine=InnoDB
Hibernate: 
    create table event (
        id bigint not null auto_increment,
        category varchar(255),
        date date,
        description text,
        title varchar(255),
        primary key (id)
    ) engine=InnoDB
Hibernate: 
    create table file (
        id bigint not null auto_increment,
        file_id varchar(255),
        file_url varchar(255),
        name varchar(255),
        primary key (id)
    ) engine=InnoDB
Hibernate: 
    create table image (
        id bigint not null auto_increment,
        image_id varchar(255),
        image_url varchar(255),
        name varchar(255),
        primary key (id)
    ) engine=InnoDB
Hibernate: 
    create table newspaper (
        id bigint not null auto_increment,
        description text,
        publication_date date,
        title varchar(255),
        file_id bigint,
        image_id bigint,
        primary key (id)
    ) engine=InnoDB
Hibernate: 
    create table product (
        id bigint not null auto_increment,
        description text,
        name varchar(255),
        price float(53),
        image_id bigint,
        primary key (id)
    ) engine=InnoDB
Hibernate: 
    create table project (
        id bigint not null auto_increment,
        created_date datetime(6),
        description text,
        title varchar(255),
        type enum ('CLASSROOM','PEDAGOGICAL','PRODUCTIVE'),
        updated_date datetime(6),
        image_id bigint,
        primary key (id)
    ) engine=InnoDB
Hibernate: 
    create table rol (
        id bigint not null auto_increment,
        name varchar(255),
        primary key (id)
    ) engine=InnoDB
Hibernate: 
    create table user (
        id bigint not null auto_increment,
        email varchar(255) not null,
        first_name varchar(255),
        last_name varchar(255),
        password varchar(255) not null,
        username varchar(255) not null,
        primary key (id)
    ) engine=InnoDB
Hibernate: 
    create table user_rol (
        id_user bigint not null,
        id_rol bigint not null,
        primary key (id_user, id_rol)
    ) engine=InnoDB
Hibernate: 
    alter table book 
       drop index UK29j1i4wkcpxbw8qniqt88t0aw
Hibernate: 
    alter table book 
       add constraint UK29j1i4wkcpxbw8qniqt88t0aw unique (file_id)
Hibernate: 
    alter table book 
       drop index UKe8hyka838bsapdvnohfwrp9il
Hibernate: 
    alter table book 
       add constraint UKe8hyka838bsapdvnohfwrp9il unique (image_id)
Hibernate: 
    alter table newspaper 
       drop index UKjjs4gy948kealdigv26k3y61s
Hibernate: 
    alter table newspaper 
       add constraint UKjjs4gy948kealdigv26k3y61s unique (file_id)
Hibernate: 
    alter table newspaper 
       drop index UKdjrwo7sfy4527x45ab81st0rb
Hibernate: 
    alter table newspaper 
       add constraint UKdjrwo7sfy4527x45ab81st0rb unique (image_id)
Hibernate: 
    alter table product 
       drop index UK1obwxotxqdp078249sw6gq4oj
Hibernate: 
    alter table product 
       add constraint UK1obwxotxqdp078249sw6gq4oj unique (image_id)
Hibernate: 
    alter table project 
       drop index UKs5i166u0n6c956m9v5smy5it6
Hibernate: 
    alter table project 
       add constraint UKs5i166u0n6c956m9v5smy5it6 unique (image_id)
Hibernate: 
    alter table rol 
       drop index UKb2i715tdnjr1edai4fn7tss63
Hibernate: 
    alter table rol 
       add constraint UKb2i715tdnjr1edai4fn7tss63 unique (name)
Hibernate: 
    alter table user 
       drop index UKob8kqyqqgmefl0aco34akdtpe
Hibernate: 
    alter table user 
       add constraint UKob8kqyqqgmefl0aco34akdtpe unique (email)
Hibernate: 
    alter table user 
       drop index UKsb8bbouer5wak8vyiiy4pf2bx
Hibernate: 
    alter table user 
       add constraint UKsb8bbouer5wak8vyiiy4pf2bx unique (username)
Hibernate: 
    alter table agenda 
       add constraint FKnmn3xjmransvwj2skrcqgxkhf 
       foreign key (student_id) 
       references user (id)
Hibernate: 
    alter table agenda 
       add constraint FK1f9p3owbhou4g1s32ixveal49 
       foreign key (teacher_id) 
       references user (id)
Hibernate: 
    alter table book 
       add constraint FKkfi5agqw1cx6461wgixqgkj3o 
       foreign key (file_id) 
       references file (id)
Hibernate: 
    alter table book 
       add constraint FKsb67nrrvdpm7qkhtmekewbwco 
       foreign key (image_id) 
       references image (id)
Hibernate: 
    alter table newspaper 
       add constraint FK6r6qih3pe4c8leta83ms0nqwa 
       foreign key (file_id) 
       references file (id)
Hibernate: 
    alter table newspaper 
       add constraint FKebixmna8gm4na7epaj8dycmg3 
       foreign key (image_id) 
       references image (id)
Hibernate: 
    alter table product 
       add constraint FKsouy49035ik9r5ojgslbv3i3u 
       foreign key (image_id) 
       references image (id)
Hibernate: 
    alter table project 
       add constraint FKmh0fk2qg0qw7srdf81bl9nw1g 
       foreign key (image_id) 
       references image (id)
Hibernate: 
    alter table user_rol 
       add constraint FK6vg1gs612hcqcxud4rsqnfcaw 
       foreign key (id_rol) 
       references rol (id)
Hibernate: 
    alter table user_rol 
       add constraint FKinug80h9oblk9av2nqvw0ckoo 
       foreign key (id_user) 
       references user (id)
2024-11-18T23:09:42.558-05:00  INFO 4460 --- [vanguardia] [           main] j.LocalContainerEntityManagerFactoryBean : Initialized JPA EntityManagerFactory for persistence unit 'default'
2024-11-18T23:09:43.095-05:00  INFO 4460 --- [vanguardia] [           main] o.s.d.j.r.query.QueryEnhancerFactory     : Hibernate is in classpath; If applicable, HQL parser will be used.
2024-11-18T23:09:44.270-05:00  INFO 4460 --- [vanguardia] [           main] eAuthenticationProviderManagerConfigurer : Global AuthenticationManager configured with AuthenticationProvider bean with name authenticationProvider
2024-11-18T23:09:44.273-05:00  WARN 4460 --- [vanguardia] [           main] r$InitializeUserDetailsManagerConfigurer : Global AuthenticationManager configured with an AuthenticationProvider bean. UserDetailsService beans will not be used for username/password login. Consider removing the AuthenticationProvider bean. Alternatively, consider using the UserDetailsService in a manually instantiated DaoAuthenticationProvider.
Hibernate: 
    select
        r1_0.id,
        r1_0.name 
    from
        rol r1_0 
    where
        r1_0.name=?
Hibernate: 
    insert 
    into
        rol
        (name) 
    values
        (?)
Hibernate: 
    select
        r1_0.id,
        r1_0.name 
    from
        rol r1_0 
    where
        r1_0.name=?
Hibernate: 
    insert 
    into
        rol
        (name) 
    values
        (?)
Hibernate: 
    select
        r1_0.id,
        r1_0.name 
    from
        rol r1_0 
    where
        r1_0.name=?
Hibernate: 
    insert 
    into
        rol
        (name) 
    values
        (?)
Hibernate: 
    select
        r1_0.id,
        r1_0.name 
    from
        rol r1_0 
    where
        r1_0.name=?
Hibernate: 
    insert 
    into
        rol
        (name) 
    values
        (?)
Hibernate: 
    select
        u1_0.id 
    from
        user u1_0 
    where
        u1_0.username=? 
    limit
        ?
Hibernate: 
    select
        r1_0.id,
        r1_0.name 
    from
        rol r1_0 
    where
        r1_0.name=?
Hibernate: 
    insert 
    into
        user
        (email, first_name, last_name, password, username) 
    values
        (?, ?, ?, ?, ?)
Hibernate: 
    insert 
    into
        user_rol
        (id_user, id_rol) 
    values
        (?, ?)
Hibernate: 
    select
        u1_0.id 
    from
        user u1_0 
    where
        u1_0.username=? 
    limit
        ?
Hibernate: 
    select
        r1_0.id,
        r1_0.name 
    from
        rol r1_0 
    where
        r1_0.name=?
Hibernate: 
    insert 
    into
        user
        (email, first_name, last_name, password, username) 
    values
        (?, ?, ?, ?, ?)
Hibernate: 
    insert 
    into
        user_rol
        (id_user, id_rol) 
    values
        (?, ?)
Hibernate: 
    select
        u1_0.id 
    from
        user u1_0 
    where
        u1_0.username=? 
    limit
        ?
Hibernate: 
    select
        r1_0.id,
        r1_0.name 
    from
        rol r1_0 
    where
        r1_0.name=?
Hibernate: 
    insert 
    into
        user
        (email, first_name, last_name, password, username) 
    values
        (?, ?, ?, ?, ?)
Hibernate: 
    insert 
    into
        user_rol
        (id_user, id_rol) 
    values
        (?, ?)
Hibernate: 
    select
        u1_0.id 
    from
        user u1_0 
    where
        u1_0.username=? 
    limit
        ?
Hibernate: 
    select
        r1_0.id,
        r1_0.name 
    from
        rol r1_0 
    where
        r1_0.name=?
Hibernate: 
    insert 
    into
        user
        (email, first_name, last_name, password, username) 
    values
        (?, ?, ?, ?, ?)
Hibernate: 
    insert 
    into
        user_rol
        (id_user, id_rol) 
    values
        (?, ?)
2024-11-18T23:09:50.951-05:00  WARN 4460 --- [vanguardia] [           main] JpaBaseConfiguration$JpaWebConfiguration : spring.jpa.open-in-view is enabled by default. Therefore, database queries may be performed during view rendering. Explicitly configure spring.jpa.open-in-view to disable this warning
2024-11-18T23:09:52.067-05:00  WARN 4460 --- [vanguardia] [           main] ion$DefaultTemplateResolverConfiguration : Cannot find template location: classpath:/templates/ (please add some templates, check your Thymeleaf configuration, or set spring.thymeleaf.check-template-location=false)
2024-11-18T23:09:52.227-05:00  INFO 4460 --- [vanguardia] [           main] p.vanguardia.VanguardiaApplicationTests  : Started VanguardiaApplicationTests in 28.349 seconds (process running for 29.967)
]]></system-out>
    <system-err><![CDATA[WARNING: A Java agent has been loaded dynamically (C:\Users\AlexP\.m2\repository\net\bytebuddy\byte-buddy-agent\1.14.19\byte-buddy-agent-1.14.19.jar)
WARNING: If a serviceability tool is in use, please run with -XX:+EnableDynamicAgentLoading to hide this warning
WARNING: If a serviceability tool is not in use, please run with -Djdk.instrument.traceUsage for more information
WARNING: Dynamic loading of agents will be disallowed by default in a future release
]]></system-err>
  </testcase>
</testsuite>